18:28:55 **** Incremental Build of configuration Debug for project Client TCP ****
make all 
'Building file: ../src/ClientTCP.c'
'Invoking: Cross GCC Compiler'
gcc -I../wsock32 -O0 -g3 -Wall -c -fmessage-length=0 -MMD -MP -MF"src/ClientTCP.d" -MT"src/ClientTCP.o" -o "src/ClientTCP.o" "../src/ClientTCP.c"
'Finished building: ../src/ClientTCP.c'
' '
'Building target: Client TCP'
'Invoking: Cross GCC Linker'
gcc  -o "Client TCP"  ./src/ClientTCP.o   
c:/mingw/bin/../lib/gcc/x86_64-w64-mingw32/9.2.0/../../../../x86_64-w64-mingw32/bin/ld.exe: ./src/ClientTCP.o: in function `main':
C:\Users\Omar\Coding\Reti-di-Calcolatori\RetiCalcolatori_TCP_client_server\TCP\Client TCP\Debug/../src/ClientTCP.c:34: undefined reference to `__imp_WSAStartup'
c:/mingw/bin/../lib/gcc/x86_64-w64-mingw32/9.2.0/../../../../x86_64-w64-mingw32/bin/ld.exe: C:\Users\Omar\Coding\Reti-di-Calcolatori\RetiCalcolatori_TCP_client_server\TCP\Client TCP\Debug/../src/ClientTCP.c:42: undefined reference to `__imp_socket'
c:/mingw/bin/../lib/gcc/x86_64-w64-mingw32/9.2.0/../../../../x86_64-w64-mingw32/bin/ld.exe: C:\Users\Omar\Coding\Reti-di-Calcolatori\RetiCalcolatori_TCP_client_server\TCP\Client TCP\Debug/../src/ClientTCP.c:49: undefined reference to `__imp_connect'
c:/mingw/bin/../lib/gcc/x86_64-w64-mingw32/9.2.0/../../../../x86_64-w64-mingw32/bin/ld.exe: C:\Users\Omar\Coding\Reti-di-Calcolatori\RetiCalcolatori_TCP_client_server\TCP\Client TCP\Debug/../src/ClientTCP.c:65: undefined reference to `__imp_send'
c:/mingw/bin/../lib/gcc/x86_64-w64-mingw32/9.2.0/../../../../x86_64-w64-mingw32/bin/ld.exe: C:\Users\Omar\Coding\Reti-di-Calcolatori\RetiCalcolatori_TCP_client_server\TCP\Client TCP\Debug/../src/ClientTCP.c:66: undefined reference to `__imp_closesocket'
c:/mingw/bin/../lib/gcc/x86_64-w64-mingw32/9.2.0/../../../../x86_64-w64-mingw32/bin/ld.exe: C:\Users\Omar\Coding\Reti-di-Calcolatori\RetiCalcolatori_TCP_client_server\TCP\Client TCP\Debug/../src/ClientTCP.c:70: undefined reference to `__imp_send'
c:/mingw/bin/../lib/gcc/x86_64-w64-mingw32/9.2.0/../../../../x86_64-w64-mingw32/bin/ld.exe: C:\Users\Omar\Coding\Reti-di-Calcolatori\RetiCalcolatori_TCP_client_server\TCP\Client TCP\Debug/../src/ClientTCP.c:73: undefined reference to `__imp_recv'
c:/mingw/bin/../lib/gcc/x86_64-w64-mingw32/9.2.0/../../../../x86_64-w64-mingw32/bin/ld.exe: C:\Users\Omar\Coding\Reti-di-Calcolatori\RetiCalcolatori_TCP_client_server\TCP\Client TCP\Debug/../src/ClientTCP.c:78: undefined reference to `__imp_closesocket'
c:/mingw/bin/../lib/gcc/x86_64-w64-mingw32/9.2.0/../../../../x86_64-w64-mingw32/bin/ld.exe: C:\Users\Omar\Coding\Reti-di-Calcolatori\RetiCalcolatori_TCP_client_server\TCP\Client TCP\Debug/../src/ClientTCP.c:84: undefined reference to `__imp_closesocket'
c:/mingw/bin/../lib/gcc/x86_64-w64-mingw32/9.2.0/../../../../x86_64-w64-mingw32/bin/ld.exe: C:\Users\Omar\Coding\Reti-di-Calcolatori\RetiCalcolatori_TCP_client_server\TCP\Client TCP\Debug/../src/ClientTCP.c:93: undefined reference to `__imp_closesocket'
c:/mingw/bin/../lib/gcc/x86_64-w64-mingw32/9.2.0/../../../../x86_64-w64-mingw32/bin/ld.exe: ./src/ClientTCP.o: in function `clearWinSock':
C:\Users\Omar\Coding\Reti-di-Calcolatori\RetiCalcolatori_TCP_client_server\TCP\Client TCP\Debug/../src/ClientTCP.c:120: undefined reference to `__imp_WSACleanup'
c:/mingw/bin/../lib/gcc/x86_64-w64-mingw32/9.2.0/../../../../x86_64-w64-mingw32/bin/ld.exe: ./src/ClientTCP.o: in function `setAddresses':
C:\Users\Omar\Coding\Reti-di-Calcolatori\RetiCalcolatori_TCP_client_server\TCP\Client TCP\Debug/../src/ClientTCP.c:197: undefined reference to `__imp_inet_addr'
c:/mingw/bin/../lib/gcc/x86_64-w64-mingw32/9.2.0/../../../../x86_64-w64-mingw32/bin/ld.exe: C:\Users\Omar\Coding\Reti-di-Calcolatori\RetiCalcolatori_TCP_client_server\TCP\Client TCP\Debug/../src/ClientTCP.c:198: undefined reference to `__imp_htons'
collect2.exe: error: ld returned 1 exit status
make: *** [makefile:43: Client TCP] Error 1
"make all" terminated with exit code 2. Build might be incomplete.
19:06:38 **** Incremental Build of configuration Debug for project Client TCP ****
make all 
'Building target: Client TCP'
'Invoking: Cross GCC Linker'
gcc -L../wsock32 -o "Client TCP"  ./src/ClientTCP.o    -lwsock32
'Finished building target: Client TCP'
' '
19:06:38 **** Incremental Build of configuration Debug for project Server TCP ****
Info: Internal Builder is used for build
gcc -L../wsock32 -o "Server TCP.exe" "src\\ServerTCP.o" -lwsock32 
19:06:48 **** Incremental Build of configuration Debug for project Client TCP ****
make all 
'Building target: Client TCP'
'Invoking: Cross GCC Linker'
gcc -L../wsock32 -o "Client TCP"  ./src/ClientTCP.o    -lwsock32
'Finished building target: Client TCP'
' '
Info: Nothing to build for Server TCP
19:07:56 **** Incremental Build of configuration Debug for project Client TCP ****
make all 
'Building target: Client TCP'
'Invoking: Cross GCC Linker'
gcc  -o "Client TCP"  ./src/ClientTCP.o    -lwsock32
'Finished building target: Client TCP'
' '
19:07:56 **** Incremental Build of configuration Debug for project Server TCP ****
Info: Internal Builder is used for build
gcc -o "Server TCP.exe" "src\\ServerTCP.o" -lwsock32 
19:08:04 **** Incremental Build of configuration Debug for project Client TCP ****
make all 
'Building target: Client TCP'
'Invoking: Cross GCC Linker'
gcc  -o "Client TCP"  ./src/ClientTCP.o    -lwsock32
'Finished building target: Client TCP'
' '
Info: Nothing to build for Server TCP
19:08:41 **** Incremental Build of configuration Debug for project Client TCP ****
make all 
'Building target: Client TCP'
'Invoking: Cross GCC Linker'
gcc  -o "Client TCP"  ./src/ClientTCP.o    -lwsock32
'Finished building target: Client TCP'
' '
Info: Nothing to build for Server TCP
19:10:02 **** Incremental Build of configuration Debug for project Client TCP ****
make all 
'Building file: ../src/ClientTCP.c'
'Invoking: Cross GCC Compiler'
gcc -O0 -g3 -Wall -c -fmessage-length=0 -MMD -MP -MF"src/ClientTCP.d" -MT"src/ClientTCP.o" -o "src/ClientTCP.o" "../src/ClientTCP.c"
'Finished building: ../src/ClientTCP.c'
' '
'Building target: Client TCP'
'Invoking: Cross GCC Linker'
gcc  -o "Client TCP"  ./src/ClientTCP.o    -lwsock32
'Finished building target: Client TCP'
' '
Info: Nothing to build for Server TCP
19:10:14 **** Incremental Build of configuration Debug for project Client TCP ****
make all 
'Building target: Client TCP'
'Invoking: Cross GCC Linker'
gcc  -o "Client TCP"  ./src/ClientTCP.o    -lwsock32
'Finished building target: Client TCP'
' '
19:10:15 **** Incremental Build of configuration Debug for project Server TCP ****
Info: Internal Builder is used for build
gcc -O0 -g3 -Wall -c -fmessage-length=0 -o "src\\ServerTCP.o" "..\\src\\ServerTCP.c" 
gcc -o "Server TCP.exe" "src\\ServerTCP.o" -lwsock32 
19:10:24 **** Incremental Build of configuration Debug for project Client TCP ****
make all 
'Building target: Client TCP'
'Invoking: Cross GCC Linker'
gcc  -o "Client TCP"  ./src/ClientTCP.o    -lwsock32
'Finished building target: Client TCP'
' '
Info: Nothing to build for Server TCP
09:42:19 **** Incremental Build of configuration Debug for project Client TCP ****
make all 
'Building target: Client TCP'
'Invoking: Cross GCC Linker'
gcc  -o "Client TCP"  ./src/ClientTCP.o    -lwsock32
'Finished building target: Client TCP'
' '
Info: Nothing to build for Server TCP
18:21:58 **** Incremental Build of configuration Debug for project Client TCP ****
make all 
'Building file: ../src/ClientTCP.c'
'Invoking: Cross GCC Compiler'
gcc -O0 -g3 -Wall -c -fmessage-length=0 -MMD -MP -MF"src/ClientTCP.d" -MT"src/ClientTCP.o" -o "src/ClientTCP.o" "../src/ClientTCP.c"
'Finished building: ../src/ClientTCP.c'
' '
'Building target: Client TCP'
'Invoking: Cross GCC Linker'
gcc  -o "Client TCP"  ./src/ClientTCP.o    -lwsock32
'Finished building target: Client TCP'
' '
18:22:15 **** Incremental Build of configuration Debug for project Server TCP ****
Info: Internal Builder is used for build
gcc -O0 -g3 -Wall -c -fmessage-length=0 -o "src\\ServerTCP.o" "..\\src\\ServerTCP.c" 
gcc -o "Server TCP.exe" "src\\ServerTCP.o" -lwsock32 
18:27:38 **** Incremental Build of configuration Debug for project Client TCP ****
make all 
'Building target: Client TCP'
'Invoking: Cross GCC Linker'
gcc  -o "Client TCP"  ./src/ClientTCP.o    -lwsock32
'Finished building target: Client TCP'
' '
Info: Nothing to build for Server TCP
17:09:12 **** Build of configuration Debug for project Client TCP ****
make all 
'Building file: ../src/ClientTCP.c'
'Invoking: Cross GCC Compiler'
gcc -O0 -g3 -Wall -c -fmessage-length=0 -MMD -MP -MF"src/ClientTCP.d" -MT"src/ClientTCP.o" -o "src/ClientTCP.o" "../src/ClientTCP.c"
'Finished building: ../src/ClientTCP.c'
' '
'Building target: Client TCP'
'Invoking: Cross GCC Linker'
gcc  -o "Client TCP"  ./src/ClientTCP.o    -lwsock32
'Finished building target: Client TCP'
' '
17:09:15 **** Rebuild of configuration Debug for project Server TCP ****
Info: Internal Builder is used for build
gcc -O0 -g3 -Wall -c -fmessage-length=0 -o "src\\ServerTCP.o" "..\\src\\ServerTCP.c" 
gcc -o "Server TCP.exe" "src\\ServerTCP.o" -lwsock32 
17:23:47 **** Incremental Build of configuration Debug for project Client TCP ****
make all 
'Building target: Client TCP'
'Invoking: Cross GCC Linker'
gcc  -o "Client TCP"  ./src/ClientTCP.o    -lwsock32
'Finished building target: Client TCP'
' '
Info: Nothing to build for Server TCP
17:25:37 **** Incremental Build of configuration Debug for project Client TCP ****
make all 
'Building target: Client TCP'
'Invoking: Cross GCC Linker'
gcc  -o "Client TCP"  ./src/ClientTCP.o    -lwsock32
'Finished building target: Client TCP'
' '
Info: Nothing to build for Server TCP
17:33:16 **** Incremental Build of configuration Debug for project Client TCP ****
make all 
'Building file: ../src/ClientTCP.c'
'Invoking: Cross GCC Compiler'
gcc -O0 -g3 -Wall -c -fmessage-length=0 -MMD -MP -MF"src/ClientTCP.d" -MT"src/ClientTCP.o" -o "src/ClientTCP.o" "../src/ClientTCP.c"
../src/ClientTCP.c: In function 'main':
../src/ClientTCP.c:46:7: warning: implicit declaration of function 'argumentsValidation' [-Wimplicit-function-declaration]
   46 |   if (argumentsValidation(argc, argv)) {
      |       ^~~~~~~~~~~~~~~~~~~
../src/ClientTCP.c:64:18: warning: implicit declaration of function 'leadingSpaces'; did you mean 'removeLeadingSpaces'? [-Wimplicit-function-declaration]
   64 |       rmvSpace = leadingSpaces(input);
      |                  ^~~~~~~~~~~~~
      |                  removeLeadingSpaces
../src/ClientTCP.c:64:16: warning: assignment to 'char *' from 'int' makes pointer from integer without a cast [-Wint-conversion]
   64 |       rmvSpace = leadingSpaces(input);
      |                ^
../src/ClientTCP.c:69:8: warning: implicit declaration of function 'clearSock'; did you mean 'clearWinSock'? [-Wimplicit-function-declaration]
   69 |        clearSock();
      |        ^~~~~~~~~
      |        clearWinSock
../src/ClientTCP.c: At top level:
../src/ClientTCP.c:118:6: warning: conflicting types for 'clearSock'
  118 | void clearSock() {
      |      ^~~~~~~~~
../src/ClientTCP.c:69:8: note: previous implicit declaration of 'clearSock' was here
   69 |        clearSock();
      |        ^~~~~~~~~
../src/ClientTCP.c:137:7: error: conflicting types for 'leadingSpaces'
  137 | char* leadingSpaces(char *str) {
      |       ^~~~~~~~~~~~~
../src/ClientTCP.c:64:18: note: previous implicit declaration of 'leadingSpaces' was here
   64 |       rmvSpace = leadingSpaces(input);
      |                  ^~~~~~~~~~~~~
make: *** [src/subdir.mk:20: src/ClientTCP.o] Error 1
"make all" terminated with exit code 2. Build might be incomplete.
Info: Nothing to build for Server TCP
17:34:20 **** Incremental Build of configuration Debug for project Client TCP ****
make all 
'Building file: ../src/ClientTCP.c'
'Invoking: Cross GCC Compiler'
gcc -O0 -g3 -Wall -c -fmessage-length=0 -MMD -MP -MF"src/ClientTCP.d" -MT"src/ClientTCP.o" -o "src/ClientTCP.o" "../src/ClientTCP.c"
'Finished building: ../src/ClientTCP.c'
' '
'Building target: Client TCP'
'Invoking: Cross GCC Linker'
gcc  -o "Client TCP"  ./src/ClientTCP.o    -lwsock32
'Finished building target: Client TCP'
' '
Info: Nothing to build for Server TCP
17:34:23 **** Incremental Build of configuration Debug for project Client TCP ****
make all 
'Building target: Client TCP'
'Invoking: Cross GCC Linker'
gcc  -o "Client TCP"  ./src/ClientTCP.o    -lwsock32
'Finished building target: Client TCP'
' '
Info: Nothing to build for Server TCP
17:48:58 **** Incremental Build of configuration Debug for project Client TCP ****
make all 
'Building target: Client TCP'
'Invoking: Cross GCC Linker'
gcc  -o "Client TCP"  ./src/ClientTCP.o    -lwsock32
'Finished building target: Client TCP'
' '
17:48:59 **** Incremental Build of configuration Debug for project Server TCP ****
Info: Internal Builder is used for build
gcc -O0 -g3 -Wall -c -fmessage-length=0 -o "src\\ServerTCP.o" "..\\src\\ServerTCP.c" 
..\src\ServerTCP.c: In function 'main':
..\src\ServerTCP.c:48:7: warning: implicit declaration of function 'argumentsCheck' [-Wimplicit-function-declaration]
   48 |   if (argumentsCheck(argc, argv)) {
      |       ^~~~~~~~~~~~~~
..\src\ServerTCP.c:98:11: warning: implicit declaration of function 'leave'; did you mean 'OleSave'? [-Wimplicit-function-declaration]
   98 |           leave(client_socket);
      |           ^~~~~
      |           OleSave
..\src\ServerTCP.c:103:15: warning: implicit declaration of function 'legitOperator' [-Wimplicit-function-declaration]
  103 |           if (legitOperator(operator)
      |               ^~~~~~~~~~~~~
..\src\ServerTCP.c:104:16: warning: implicit declaration of function 'legitInput' [-Wimplicit-function-declaration]
  104 |             && legitInput(input)) {
      |                ^~~~~~~~~~
..\src\ServerTCP.c:106:12: warning: implicit declaration of function 'populateValues' [-Wimplicit-function-declaration]
  106 |            populateValues(input, first,
      |            ^~~~~~~~~~~~~~
..\src\ServerTCP.c:109:16: warning: implicit declaration of function 'numericCheck' [-Wimplicit-function-declaration]
  109 |            if (numericCheck(first, second)) {
      |                ^~~~~~~~~~~~
..\src\ServerTCP.c:148:7: warning: implicit declaration of function 'clearSock'; did you mean 'clearWinSock'? [-Wimplicit-function-declaration]
  148 |       clearSock();
      |       ^~~~~~~~~
      |       clearWinSock
..\src\ServerTCP.c: At top level:
..\src\ServerTCP.c:175:6: warning: conflicting types for 'clearSock'
  175 | void clearSock() {
      |      ^~~~~~~~~
..\src\ServerTCP.c:148:7: note: previous implicit declaration of 'clearSock' was here
  148 |       clearSock();
      |       ^~~~~~~~~
..\src\ServerTCP.c:182:6: warning: conflicting types for 'leave'
  182 | void leave(int clientSocket) {
      |      ^~~~~
..\src\ServerTCP.c:98:11: note: previous implicit declaration of 'leave' was here
   98 |           leave(client_socket);
      |           ^~~~~
..\src\ServerTCP.c:190:5: error: conflicting types for 'legitOperator'
  190 | int legitOperator(char operator) {
      |     ^~~~~~~~~~~~~
..\src\ServerTCP.c:190:1: note: an argument type that has a default promotion can't match an empty parameter name list declaration
  190 | int legitOperator(char operator) {
      | ^~~
..\src\ServerTCP.c:103:15: note: previous implicit declaration of 'legitOperator' was here
  103 |           if (legitOperator(operator)
      |               ^~~~~~~~~~~~~
..\src\ServerTCP.c:311:6: warning: conflicting types for 'populateValues'
  311 | void populateValues(char *input, char *first, char *second) {
      |      ^~~~~~~~~~~~~~
..\src\ServerTCP.c:106:12: note: previous implicit declaration of 'populateValues' was here
  106 |            populateValues(input, first,
      |            ^~~~~~~~~~~~~~
17:49:09 **** Incremental Build of configuration Debug for project Client TCP ****
make all 
'Building target: Client TCP'
'Invoking: Cross GCC Linker'
gcc  -o "Client TCP"  ./src/ClientTCP.o    -lwsock32
'Finished building target: Client TCP'
' '
17:49:09 **** Incremental Build of configuration Debug for project Server TCP ****
Info: Internal Builder is used for build
gcc -O0 -g3 -Wall -c -fmessage-length=0 -o "src\\ServerTCP.o" "..\\src\\ServerTCP.c" 
..\src\ServerTCP.c: In function 'main':
..\src\ServerTCP.c:48:7: warning: implicit declaration of function 'argumentsCheck' [-Wimplicit-function-declaration]
   48 |   if (argumentsCheck(argc, argv)) {
      |       ^~~~~~~~~~~~~~
..\src\ServerTCP.c:98:11: warning: implicit declaration of function 'leave'; did you mean 'OleSave'? [-Wimplicit-function-declaration]
   98 |           leave(client_socket);
      |           ^~~~~
      |           OleSave
..\src\ServerTCP.c:103:15: warning: implicit declaration of function 'legitOperator' [-Wimplicit-function-declaration]
  103 |           if (legitOperator(operator)
      |               ^~~~~~~~~~~~~
..\src\ServerTCP.c:104:16: warning: implicit declaration of function 'legitInput' [-Wimplicit-function-declaration]
  104 |             && legitInput(input)) {
      |                ^~~~~~~~~~
..\src\ServerTCP.c:106:12: warning: implicit declaration of function 'populateValues' [-Wimplicit-function-declaration]
  106 |            populateValues(input, first,
      |            ^~~~~~~~~~~~~~
..\src\ServerTCP.c:109:16: warning: implicit declaration of function 'numericCheck' [-Wimplicit-function-declaration]
  109 |            if (numericCheck(first, second)) {
      |                ^~~~~~~~~~~~
..\src\ServerTCP.c:148:7: warning: implicit declaration of function 'clearSock'; did you mean 'clearWinSock'? [-Wimplicit-function-declaration]
  148 |       clearSock();
      |       ^~~~~~~~~
      |       clearWinSock
..\src\ServerTCP.c: At top level:
..\src\ServerTCP.c:175:6: warning: conflicting types for 'clearSock'
  175 | void clearSock() {
      |      ^~~~~~~~~
..\src\ServerTCP.c:148:7: note: previous implicit declaration of 'clearSock' was here
  148 |       clearSock();
      |       ^~~~~~~~~
..\src\ServerTCP.c:182:6: warning: conflicting types for 'leave'
  182 | void leave(int clientSocket) {
      |      ^~~~~
..\src\ServerTCP.c:98:11: note: previous implicit declaration of 'leave' was here
   98 |           leave(client_socket);
      |           ^~~~~
..\src\ServerTCP.c:190:5: error: conflicting types for 'legitOperator'
  190 | int legitOperator(char operator) {
      |     ^~~~~~~~~~~~~
..\src\ServerTCP.c:190:1: note: an argument type that has a default promotion can't match an empty parameter name list declaration
  190 | int legitOperator(char operator) {
      | ^~~
..\src\ServerTCP.c:103:15: note: previous implicit declaration of 'legitOperator' was here
  103 |           if (legitOperator(operator)
      |               ^~~~~~~~~~~~~
..\src\ServerTCP.c:311:6: warning: conflicting types for 'populateValues'
  311 | void populateValues(char *input, char *first, char *second) {
      |      ^~~~~~~~~~~~~~
..\src\ServerTCP.c:106:12: note: previous implicit declaration of 'populateValues' was here
  106 |            populateValues(input, first,
      |            ^~~~~~~~~~~~~~
17:50:06 **** Incremental Build of configuration Debug for project Client TCP ****
make all 
'Building target: Client TCP'
'Invoking: Cross GCC Linker'
gcc  -o "Client TCP"  ./src/ClientTCP.o    -lwsock32
'Finished building target: Client TCP'
' '
17:50:06 **** Incremental Build of configuration Debug for project Server TCP ****
Info: Internal Builder is used for build
gcc -O0 -g3 -Wall -c -fmessage-length=0 -o "src\\ServerTCP.o" "..\\src\\ServerTCP.c" 
..\src\ServerTCP.c: In function 'main':
..\src\ServerTCP.c:48:7: warning: implicit declaration of function 'argumentsCheck' [-Wimplicit-function-declaration]
   48 |   if (argumentsCheck(argc, argv)) {
      |       ^~~~~~~~~~~~~~
..\src\ServerTCP.c:98:11: warning: implicit declaration of function 'leave'; did you mean 'OleSave'? [-Wimplicit-function-declaration]
   98 |           leave(client_socket);
      |           ^~~~~
      |           OleSave
..\src\ServerTCP.c:103:15: warning: implicit declaration of function 'legitOperator' [-Wimplicit-function-declaration]
  103 |           if (legitOperator(operator)
      |               ^~~~~~~~~~~~~
..\src\ServerTCP.c:104:16: warning: implicit declaration of function 'legitInput' [-Wimplicit-function-declaration]
  104 |             && legitInput(input)) {
      |                ^~~~~~~~~~
..\src\ServerTCP.c:106:12: warning: implicit declaration of function 'populateValues' [-Wimplicit-function-declaration]
  106 |            populateValues(input, first,
      |            ^~~~~~~~~~~~~~
..\src\ServerTCP.c:109:16: warning: implicit declaration of function 'numericCheck' [-Wimplicit-function-declaration]
  109 |            if (numericCheck(first, second)) {
      |                ^~~~~~~~~~~~
..\src\ServerTCP.c:148:7: warning: implicit declaration of function 'clearSock'; did you mean 'clearWinSock'? [-Wimplicit-function-declaration]
  148 |       clearSock();
      |       ^~~~~~~~~
      |       clearWinSock
..\src\ServerTCP.c: At top level:
..\src\ServerTCP.c:175:6: warning: conflicting types for 'clearSock'
  175 | void clearSock() {
      |      ^~~~~~~~~
..\src\ServerTCP.c:148:7: note: previous implicit declaration of 'clearSock' was here
  148 |       clearSock();
      |       ^~~~~~~~~
..\src\ServerTCP.c:182:6: warning: conflicting types for 'leave'
  182 | void leave(int clientSocket) {
      |      ^~~~~
..\src\ServerTCP.c:98:11: note: previous implicit declaration of 'leave' was here
   98 |           leave(client_socket);
      |           ^~~~~
..\src\ServerTCP.c:190:5: error: conflicting types for 'legitOperator'
  190 | int legitOperator(char operator) {
      |     ^~~~~~~~~~~~~
..\src\ServerTCP.c:190:1: note: an argument type that has a default promotion can't match an empty parameter name list declaration
  190 | int legitOperator(char operator) {
      | ^~~
..\src\ServerTCP.c:103:15: note: previous implicit declaration of 'legitOperator' was here
  103 |           if (legitOperator(operator)
      |               ^~~~~~~~~~~~~
..\src\ServerTCP.c:311:6: warning: conflicting types for 'populateValues'
  311 | void populateValues(char *input, char *first, char *second) {
      |      ^~~~~~~~~~~~~~
..\src\ServerTCP.c:106:12: note: previous implicit declaration of 'populateValues' was here
  106 |            populateValues(input, first,
      |            ^~~~~~~~~~~~~~
17:50:27 **** Incremental Build of configuration Debug for project Client TCP ****
make all 
'Building target: Client TCP'
'Invoking: Cross GCC Linker'
gcc  -o "Client TCP"  ./src/ClientTCP.o    -lwsock32
'Finished building target: Client TCP'
' '
17:50:27 **** Incremental Build of configuration Debug for project Server TCP ****
Info: Internal Builder is used for build
gcc -O0 -g3 -Wall -c -fmessage-length=0 -o "src\\ServerTCP.o" "..\\src\\ServerTCP.c" 
..\src\ServerTCP.c: In function 'main':
..\src\ServerTCP.c:148:7: warning: implicit declaration of function 'clearSock'; did you mean 'clearWinSock'? [-Wimplicit-function-declaration]
  148 |       clearSock();
      |       ^~~~~~~~~
      |       clearWinSock
..\src\ServerTCP.c: At top level:
..\src\ServerTCP.c:175:6: warning: conflicting types for 'clearSock'
  175 | void clearSock() {
      |      ^~~~~~~~~
..\src\ServerTCP.c:148:7: note: previous implicit declaration of 'clearSock' was here
  148 |       clearSock();
      |       ^~~~~~~~~
gcc -o "Server TCP.exe" "src\\ServerTCP.o" -lwsock32 
17:50:46 **** Incremental Build of configuration Debug for project Client TCP ****
make all 
'Building target: Client TCP'
'Invoking: Cross GCC Linker'
gcc  -o "Client TCP"  ./src/ClientTCP.o    -lwsock32
'Finished building target: Client TCP'
' '
17:50:47 **** Incremental Build of configuration Debug for project Server TCP ****
Info: Internal Builder is used for build
gcc -O0 -g3 -Wall -c -fmessage-length=0 -o "src\\ServerTCP.o" "..\\src\\ServerTCP.c" 
gcc -o "Server TCP.exe" "src\\ServerTCP.o" -lwsock32 
17:50:54 **** Incremental Build of configuration Debug for project Client TCP ****
make all 
'Building target: Client TCP'
'Invoking: Cross GCC Linker'
gcc  -o "Client TCP"  ./src/ClientTCP.o    -lwsock32
'Finished building target: Client TCP'
' '
Info: Nothing to build for Server TCP
18:38:54 **** Incremental Build of configuration Debug for project Client TCP ****
make all 
'Building file: ../src/ClientTCP.c'
'Invoking: Cross GCC Compiler'
gcc -O0 -g3 -Wall -c -fmessage-length=0 -MMD -MP -MF"src/ClientTCP.d" -MT"src/ClientTCP.o" -o "src/ClientTCP.o" "../src/ClientTCP.c"
'Finished building: ../src/ClientTCP.c'
' '
'Building target: Client TCP'
'Invoking: Cross GCC Linker'
gcc  -o "Client TCP"  ./src/ClientTCP.o    -lwsock32
'Finished building target: Client TCP'
' '
18:38:57 **** Incremental Build of configuration Debug for project Server TCP ****
Info: Internal Builder is used for build
gcc -O0 -g3 -Wall -c -fmessage-length=0 -o "src\\ServerTCP.o" "..\\src\\ServerTCP.c" 
gcc -o "Server TCP.exe" "src\\ServerTCP.o" -lwsock32 
18:39:14 **** Incremental Build of configuration Debug for project Client TCP ****
make all 
'Building target: Client TCP'
'Invoking: Cross GCC Linker'
gcc  -o "Client TCP"  ./src/ClientTCP.o    -lwsock32
'Finished building target: Client TCP'
' '
Info: Nothing to build for Server TCP
18:39:16 **** Incremental Build of configuration Debug for project Client TCP ****
make all 
'Building target: Client TCP'
'Invoking: Cross GCC Linker'
gcc  -o "Client TCP"  ./src/ClientTCP.o    -lwsock32
'Finished building target: Client TCP'
' '
Info: Nothing to build for Server TCP
18:39:20 **** Incremental Build of configuration Debug for project Client TCP ****
make all 
'Building target: Client TCP'
'Invoking: Cross GCC Linker'
gcc  -o "Client TCP"  ./src/ClientTCP.o    -lwsock32
'Finished building target: Client TCP'
' '
Info: Nothing to build for Server TCP
18:39:23 **** Incremental Build of configuration Debug for project Client TCP ****
make all 
'Building target: Client TCP'
'Invoking: Cross GCC Linker'
gcc  -o "Client TCP"  ./src/ClientTCP.o    -lwsock32
'Finished building target: Client TCP'
' '
Info: Nothing to build for Server TCP
21:30:09 **** Incremental Build of configuration Debug for project Client TCP ****
make all 
'Building file: ../src/ClientTCP.c'
'Invoking: Cross GCC Compiler'
gcc -O0 -g3 -Wall -c -fmessage-length=0 -MMD -MP -MF"src/ClientTCP.d" -MT"src/ClientTCP.o" -o "src/ClientTCP.o" "../src/ClientTCP.c"
'Finished building: ../src/ClientTCP.c'
' '
'Building target: Client TCP'
'Invoking: Cross GCC Linker'
gcc  -o "Client TCP"  ./src/ClientTCP.o    -lwsock32
'Finished building target: Client TCP'
' '
21:30:12 **** Incremental Build of configuration Debug for project Server TCP ****
Info: Internal Builder is used for build
gcc -O0 -g3 -Wall -c -fmessage-length=0 -o "src\\ServerTCP.o" "..\\src\\ServerTCP.c" 
gcc -o "Server TCP.exe" "src\\ServerTCP.o" -lwsock32 
